<?xml version="1.0" encoding="UTF-8"?>
<testsuite name="User Registration and Account Management" tests="1" skipped="0" failures="0" errors="0" timestamp="2023-11-29T17:30:08" hostname="DESKTOP-TAB3S2Q" time="15.231">
  <properties/>
  <testcase name="User creates an account and deletes it successfully" classname="User Registration and Account Management" time="15.231"/>
  <system-out><![CDATA[12:30:08.923 ?[92m|-- Given the "user" open browser?[0m
12:30:09.084 ?[92m|-- When the user navigates to the url automationexercise.com?[0m
12:30:09.586 ?[92m|---- User go to?[0m
12:30:09.615 ?[92m|------ user opens the browser at https://automationexercise.com/?[0m
12:30:20.071 ?[92m|-- Then the home page should be visible successfully?[0m
12:30:20.918 ?[92m|---- Then page was?[0m
]]></system-out>
  <system-err><![CDATA[[Test worker] INFO  - 
  _____   ___   ___   _____     ___   _____     _     ___   _____   ___   ___  
 |_   _| | __| / __| |_   _|   / __| |_   _|   /_\   | _ \ |_   _| | __| |   \ 
   | |   | _|  \__ \   | |     \__ \   | |    / _ \  |   /   | |   | _|  | |) |
   |_|   |___| |___/   |_|     |___/   |_|   /_/ \_\ |_|_\   |_|   |___| |___/ 

User creates an account and deletes it successfully(user-registration-and-account-management;user-creates-an-account-and-deletes-it-successfully)
--------------------------------------------------------------------------------
[Test worker] INFO net.serenitybdd.core.webdriver.driverproviders.DriverProvider - Using WebDriverManager configuration for edge
[Test worker] INFO io.github.bonigarcia.wdm.WebDriverManager - Using msedgedriver 119.0.2151.93 (resolved driver for Edge 119)
[Test worker] INFO io.github.bonigarcia.wdm.WebDriverManager - Exporting webdriver.edge.driver as C:\Users\Melman\.cache\selenium\msedgedriver\win64\119.0.2151.93\msedgedriver.exe
Starting Microsoft Edge WebDriver 119.0.2151.93 (423ba9baf131b4e7946cd165339cf78ddf9c2067) on port 40599
To submit feedback, report a bug, or suggest new features, please visit https://github.com/MicrosoftEdge/EdgeWebDriver

Only local connections are allowed.
Please see https://aka.ms/WebDriverSecurity for suggestions on keeping Microsoft Edge WebDriver safe.

Microsoft Edge WebDriver was started successfully.
nov 29, 2023 12:30:15 PM org.openqa.selenium.devtools.CdpVersionFinder findNearestMatch
ADVERTENCIA: Unable to find CDP implementation matching 119
nov 29, 2023 12:30:15 PM org.openqa.selenium.chromium.ChromiumDriver lambda$new$3
ADVERTENCIA: Unable to find version of CDP to use for . You may need to include a dependency on a specific version of the CDP using something similar to `org.seleniumhq.selenium:selenium-devtools-v86:4.9.1` where the version ("v86") matches the version of the chromium-based browser you're using and the version number of the artifact is the same as Selenium's.
[Test worker] INFO  - ?[92m
  _____   ___   ___   _____     ___     _     ___   ___   ___   ___  
 |_   _| | __| / __| |_   _|   | _ \   /_\   / __| / __| | __| |   \ 
   | |   | _|  \__ \   | |     |  _/  / _ \  \__ \ \__ \ | _|  | |) |
   |_|   |___| |___/   |_|     |_|   /_/ \_\ |___/ |___/ |___| |___/ 

User creates an account and deletes it successfully
----------------------------------------------------------------------?[0m
]]></system-err>
</testsuite>
